<?xml version="1.0" encoding="UTF-8"?>
<testng-results ignored="0" total="1" passed="1" failed="0" skipped="0">
  <reporter-output>
  </reporter-output>
  <suite started-at="2023-05-11T01:01:15 GMT+01:00" name="Suite" finished-at="2023-05-11T01:01:26 GMT+01:00" duration-ms="11347">
    <groups>
    </groups>
    <test started-at="2023-05-11T01:01:15 GMT+01:00" name="Test" finished-at="2023-05-11T01:01:26 GMT+01:00" duration-ms="11347">
      <class name="com.todos.tests.RemoveToDoTest">
        <test-method is-config="true" signature="setupTest(java.lang.String)[pri:0, instance:com.todos.tests.RemoveToDoTest@18d87d80]" started-at="2023-05-11T01:01:15 GMT+01:00" name="setupTest" finished-at="2023-05-11T01:01:20 GMT+01:00" duration-ms="4851" status="PASS">
          <params>
            <param index="0">
              <value>
                <![CDATA[chrome]]>
              </value>
            </param>
          </params>
          <reporter-output>
          </reporter-output>
        </test-method> <!-- setupTest -->
        <test-method signature="iRemoveToDo()[pri:0, instance:com.todos.tests.RemoveToDoTest@18d87d80]" started-at="2023-05-11T01:01:20 GMT+01:00" name="iRemoveToDo" finished-at="2023-05-11T01:01:26 GMT+01:00" duration-ms="6435" status="PASS">
          <reporter-output>
          </reporter-output>
        </test-method> <!-- iRemoveToDo -->
        <test-method is-config="true" signature="tearDown()[pri:0, instance:com.todos.tests.RemoveToDoTest@18d87d80]" started-at="2023-05-11T01:01:26 GMT+01:00" name="tearDown" finished-at="2023-05-11T01:01:26 GMT+01:00" duration-ms="1" status="PASS">
          <reporter-output>
          </reporter-output>
        </test-method> <!-- tearDown -->
      </class> <!-- com.todos.tests.RemoveToDoTest -->
    </test> <!-- Test -->
  </suite> <!-- Suite -->
</testng-results>
